nohup: export: No such file or directory
Something is already running on port 3060.
[34mℹ[39m [90m｢wds｣[39m: Project is running at http://10.0.192.198/
[34mℹ[39m [90m｢wds｣[39m: webpack output is served from 
[34mℹ[39m [90m｢wds｣[39m: Content not from webpack is served from /home/ubuntu/run/ng_digibizz_frontend/public
[34mℹ[39m [90m｢wds｣[39m: 404s will fallback to /
Starting the development server...

Compiled with warnings.

src/components/main/footer.js
  Line 17:11:  Using target="_blank" without rel="noreferrer" is a security risk: see https://html.spec.whatwg.org/multipage/links.html#link-type-noopener  react/jsx-no-target-blank
  Line 21:13:  img elements must have an alt prop, either with meaningful text, or an empty string for decorative images                                    jsx-a11y/alt-text
  Line 25:11:  Using target="_blank" without rel="noreferrer" is a security risk: see https://html.spec.whatwg.org/multipage/links.html#link-type-noopener  react/jsx-no-target-blank
  Line 26:13:  img elements must have an alt prop, either with meaningful text, or an empty string for decorative images                                    jsx-a11y/alt-text
  Line 30:11:  Using target="_blank" without rel="noreferrer" is a security risk: see https://html.spec.whatwg.org/multipage/links.html#link-type-noopener  react/jsx-no-target-blank
  Line 31:13:  img elements must have an alt prop, either with meaningful text, or an empty string for decorative images                                    jsx-a11y/alt-text
  Line 35:11:  Using target="_blank" without rel="noreferrer" is a security risk: see https://html.spec.whatwg.org/multipage/links.html#link-type-noopener  react/jsx-no-target-blank
  Line 36:13:  img elements must have an alt prop, either with meaningful text, or an empty string for decorative images                                    jsx-a11y/alt-text

src/components/mainReport.js
  Line 1:17:   'useState' is defined but never used        no-unused-vars
  Line 13:21:  'email' is assigned a value but never used  no-unused-vars

src/components/recommendationsReports.js
  Line 8:8:   'axios' is defined but never used                                                                          no-unused-vars
  Line 21:5:  img elements must have an alt prop, either with meaningful text, or an empty string for decorative images  jsx-a11y/alt-text

src/screens/digitalServices.js
  Line 29:13:  img elements must have an alt prop, either with meaningful text, or an empty string for decorative images  jsx-a11y/alt-text

src/screens/home.js
  Line 5:8:   'Cookies' is defined but never used                                                                                                                                                                                                            no-unused-vars
  Line 43:5:  React Hook useEffect has a missing dependency: 'get_master_data'. Either include it or remove the dependency array. If 'get_master_data' changes too often, find the parent component that defines it and wrap that definition in useCallback  react-hooks/exhaustive-deps
  Line 64:9:  'user' is assigned a value but never used                                                                                                                                                                                                      no-unused-vars

src/screens/questionnaire.js
  Line 34:5:  React Hook useEffect has missing dependencies: 'get_questions' and 'questionsList.length'. Either include them or remove the dependency array. If 'get_questions' changes too often, find the parent component that defines it and wrap that definition in useCallback  react-hooks/exhaustive-deps

src/screens/report.js
  Line 1:17:  'useEffect' is defined but never used       no-unused-vars
  Line 12:2:  'downloadReport' is defined but never used  no-unused-vars

src/screens/successStories.js
  Line 28:6:  React Hook useEffect has a missing dependency: 'header_success_stories'. Either include it or remove the dependency array. If 'header_success_stories' changes too often, find the parent component that defines it and wrap that definition in useCallback  react-hooks/exhaustive-deps

src/screens/successStoriesDetailed.js
  Line 115:6:  React Hook useEffect has a missing dependency: 'header_success_stories'. Either include it or remove the dependency array. If 'header_success_stories' changes too often, find the parent component that defines it and wrap that definition in useCallback  react-hooks/exhaustive-deps

src/screens/userGuide.js
  Line 27:6:  React Hook useEffect has a missing dependency: 'header_user_guide'. Either include it or remove the dependency array. If 'header_user_guide' changes too often, find the parent component that defines it and wrap that definition in useCallback  react-hooks/exhaustive-deps

src/screens/userGuideDetailed.js
  Line 235:6:   React Hook useEffect has a missing dependency: 'header_user_guide'. Either include it or remove the dependency array. If 'header_user_guide' changes too often, find the parent component that defines it and wrap that definition in useCallback  react-hooks/exhaustive-deps
  Line 237:61:  Expected '===' and instead saw '=='                                                                                                                                                                                                                eqeqeq

src/store/api.js
  Line 2:8:  'axios' is defined but never used  no-unused-vars

Search for the keywords to learn more about each warning.
To ignore, add // eslint-disable-next-line to the line before.

[34mℹ[39m [90m｢wds｣[39m: Project is running at http://10.0.192.198/
[34mℹ[39m [90m｢wds｣[39m: webpack output is served from 
[34mℹ[39m [90m｢wds｣[39m: Content not from webpack is served from /home/ubuntu/run/ng_digibizz_frontend/public
[34mℹ[39m [90m｢wds｣[39m: 404s will fallback to /
Starting the development server...

Compiled with warnings.

src/components/main/footer.js
  Line 17:11:  Using target="_blank" without rel="noreferrer" is a security risk: see https://html.spec.whatwg.org/multipage/links.html#link-type-noopener  react/jsx-no-target-blank
  Line 21:13:  img elements must have an alt prop, either with meaningful text, or an empty string for decorative images                                    jsx-a11y/alt-text
  Line 25:11:  Using target="_blank" without rel="noreferrer" is a security risk: see https://html.spec.whatwg.org/multipage/links.html#link-type-noopener  react/jsx-no-target-blank
  Line 26:13:  img elements must have an alt prop, either with meaningful text, or an empty string for decorative images                                    jsx-a11y/alt-text
  Line 30:11:  Using target="_blank" without rel="noreferrer" is a security risk: see https://html.spec.whatwg.org/multipage/links.html#link-type-noopener  react/jsx-no-target-blank
  Line 31:13:  img elements must have an alt prop, either with meaningful text, or an empty string for decorative images                                    jsx-a11y/alt-text
  Line 35:11:  Using target="_blank" without rel="noreferrer" is a security risk: see https://html.spec.whatwg.org/multipage/links.html#link-type-noopener  react/jsx-no-target-blank
  Line 36:13:  img elements must have an alt prop, either with meaningful text, or an empty string for decorative images                                    jsx-a11y/alt-text

src/components/mainReport.js
  Line 1:17:   'useState' is defined but never used        no-unused-vars
  Line 13:21:  'email' is assigned a value but never used  no-unused-vars

src/components/recommendationsReports.js
  Line 8:8:   'axios' is defined but never used                                                                          no-unused-vars
  Line 21:5:  img elements must have an alt prop, either with meaningful text, or an empty string for decorative images  jsx-a11y/alt-text

src/screens/digitalServices.js
  Line 29:13:  img elements must have an alt prop, either with meaningful text, or an empty string for decorative images  jsx-a11y/alt-text

src/screens/home.js
  Line 5:8:   'Cookies' is defined but never used                                                                                                                                                                                                            no-unused-vars
  Line 43:5:  React Hook useEffect has a missing dependency: 'get_master_data'. Either include it or remove the dependency array. If 'get_master_data' changes too often, find the parent component that defines it and wrap that definition in useCallback  react-hooks/exhaustive-deps
  Line 64:9:  'user' is assigned a value but never used                                                                                                                                                                                                      no-unused-vars

src/screens/questionnaire.js
  Line 34:5:  React Hook useEffect has missing dependencies: 'get_questions' and 'questionsList.length'. Either include them or remove the dependency array. If 'get_questions' changes too often, find the parent component that defines it and wrap that definition in useCallback  react-hooks/exhaustive-deps

src/screens/report.js
  Line 1:17:  'useEffect' is defined but never used       no-unused-vars
  Line 12:2:  'downloadReport' is defined but never used  no-unused-vars

src/screens/successStories.js
  Line 28:6:  React Hook useEffect has a missing dependency: 'header_success_stories'. Either include it or remove the dependency array. If 'header_success_stories' changes too often, find the parent component that defines it and wrap that definition in useCallback  react-hooks/exhaustive-deps

src/screens/successStoriesDetailed.js
  Line 115:6:  React Hook useEffect has a missing dependency: 'header_success_stories'. Either include it or remove the dependency array. If 'header_success_stories' changes too often, find the parent component that defines it and wrap that definition in useCallback  react-hooks/exhaustive-deps

src/screens/userGuide.js
  Line 27:6:  React Hook useEffect has a missing dependency: 'header_user_guide'. Either include it or remove the dependency array. If 'header_user_guide' changes too often, find the parent component that defines it and wrap that definition in useCallback  react-hooks/exhaustive-deps

src/screens/userGuideDetailed.js
  Line 235:6:   React Hook useEffect has a missing dependency: 'header_user_guide'. Either include it or remove the dependency array. If 'header_user_guide' changes too often, find the parent component that defines it and wrap that definition in useCallback  react-hooks/exhaustive-deps
  Line 237:61:  Expected '===' and instead saw '=='                                                                                                                                                                                                                eqeqeq

src/store/api.js
  Line 2:8:  'axios' is defined but never used  no-unused-vars

Search for the keywords to learn more about each warning.
To ignore, add // eslint-disable-next-line to the line before.

Something is already running on port 3060.
